<?xml version="1.0" encoding="utf-8"?><testsuites name="pytest tests"><testsuite name="pytest" errors="0" failures="0" skipped="0" tests="25" time="0.465" timestamp="2025-08-18T14:18:30.732327-03:00" hostname="nothing.attdns.com"><testcase classname="tests.integration.test_analysis_integration.TestMultiFrameworkAnalysisIntegration" name="test_analyze_all_frameworks_integration" time="0.003" /><testcase classname="tests.integration.test_analysis_integration.TestMultiFrameworkAnalysisIntegration" name="test_analyze_with_content_validation" time="0.000" /><testcase classname="tests.integration.test_analysis_integration.TestMultiFrameworkAnalysisIntegration" name="test_analyze_with_framework_validation" time="0.000" /><testcase classname="tests.integration.test_analysis_integration.TestMultiFrameworkAnalysisIntegration" name="test_analyze_performance_with_long_content" time="0.022" /><testcase classname="tests.integration.test_analysis_integration.TestMultiFrameworkAnalysisIntegration" name="test_analyze_with_all_framework_features" time="0.010" /><testcase classname="tests.integration.test_analysis_integration.TestMultiFrameworkAnalysisIntegration" name="test_analyze_cache_integration" time="0.002" /><testcase classname="tests.integration.test_analysis_integration.TestMultiFrameworkAnalysisIntegration" name="test_analyze_error_recovery" time="0.001" /><testcase classname="tests.integration.test_analysis_integration.TestMultiFrameworkAnalysisIntegration" name="test_analyze_concurrent_requests" time="0.002" /><testcase classname="tests.integration.test_analysis_integration.TestMultiFrameworkAnalysisIntegration" name="test_analyze_metadata_completeness" time="0.001" /><testcase classname="tests.integration.test_analysis_integration.TestMultiFrameworkAnalysisIntegration" name="test_analyze_default_frameworks" time="0.002" /><testcase classname="tests.integration.test_analysis_integration.TestMultiFrameworkAnalysisIntegration" name="test_analyze_stress_test" time="0.006" /><testcase classname="tests.integration.test_analysis_integration.TestFrameworkInteractionIntegration" name="test_framework_score_consistency" time="0.002" /><testcase classname="tests.integration.test_analysis_integration.TestFrameworkInteractionIntegration" name="test_cross_framework_validation" time="0.010" /><testcase classname="tests.integration.test_analysis_integration.TestFrameworkInteractionIntegration" name="test_framework_error_isolation" time="0.001" /><testcase classname="tests.integration.test_analysis_integration.TestAnalysisQualityIntegration" name="test_analysis_quality_metrics" time="0.009" /><testcase classname="tests.integration.test_analysis_integration.TestAnalysisQualityIntegration" name="test_recommendations_quality" time="0.001" /><testcase classname="tests.integration.test_basic_integration.TestBasicIntegration" name="test_analyze_single_framework_integration" time="0.001" /><testcase classname="tests.integration.test_basic_integration.TestBasicIntegration" name="test_analyze_multiple_frameworks_integration" time="0.001" /><testcase classname="tests.integration.test_basic_integration.TestBasicIntegration" name="test_analyze_all_frameworks_integration" time="0.001" /><testcase classname="tests.integration.test_basic_integration.TestBasicIntegration" name="test_content_validation_integration" time="0.000" /><testcase classname="tests.integration.test_basic_integration.TestBasicIntegration" name="test_framework_validation_integration" time="0.000" /><testcase classname="tests.integration.test_basic_integration.TestBasicIntegration" name="test_analysis_consistency" time="0.001" /><testcase classname="tests.integration.test_basic_integration.TestBasicIntegration" name="test_concurrent_analysis" time="0.002" /><testcase classname="tests.integration.test_basic_integration.TestBasicIntegration" name="test_scores_validation" time="0.001" /><testcase classname="tests.integration.test_basic_integration.TestBasicIntegration" name="test_recommendations_quality" time="0.001" /></testsuite></testsuites>